<?xml version="1.0" encoding="UTF-8"?>
<testng-results ignored="0" total="1" passed="1" failed="0" skipped="0">
  <reporter-output>
  </reporter-output>
  <suite started-at="2021-12-05T08:48:16 BRT" name="Page Object Model" finished-at="2021-12-05T08:48:21 BRT" duration-ms="5178">
    <groups>
    </groups>
    <test started-at="2021-12-05T08:48:16 BRT" name="Login Test" finished-at="2021-12-05T08:48:21 BRT" duration-ms="5178">
      <class name="testCases.LoginTest">
        <test-method signature="loginTest()[pri:0, instance:testCases.LoginTest@69d6a7cd]" started-at="2021-12-05T08:48:16 BRT" name="loginTest" finished-at="2021-12-05T08:48:20 BRT" duration-ms="4337" status="PASS">
          <reporter-output>
          </reporter-output>
        </test-method> <!-- loginTest -->
        <test-method is-config="true" signature="tearDown()[pri:0, instance:testCases.LoginTest@69d6a7cd]" started-at="2021-12-05T08:48:21 BRT" name="tearDown" finished-at="2021-12-05T08:48:23 BRT" duration-ms="1856" status="PASS">
          <reporter-output>
          </reporter-output>
        </test-method> <!-- tearDown -->
      </class> <!-- testCases.LoginTest -->
    </test> <!-- Login Test -->
  </suite> <!-- Page Object Model -->
</testng-results>
