<?xml version="1.0" encoding="UTF-8"?>
<testng-results ignored="0" total="1" passed="1" failed="0" skipped="0">
  <reporter-output>
  </reporter-output>
  <suite started-at="2021-12-05T09:26:06 BRT" name="Page Object Model" finished-at="2021-12-05T09:26:10 BRT" duration-ms="3956">
    <groups>
    </groups>
    <test started-at="2021-12-05T09:26:06 BRT" name="Login Test" finished-at="2021-12-05T09:26:10 BRT" duration-ms="3956">
      <class name="testCases.LoginTest">
        <test-method signature="loginTest()[pri:0, instance:testCases.LoginTest@73017a80]" started-at="2021-12-05T09:26:06 BRT" name="loginTest" finished-at="2021-12-05T09:26:09 BRT" duration-ms="3591" status="PASS">
          <reporter-output>
          </reporter-output>
        </test-method> <!-- loginTest -->
        <test-method is-config="true" signature="tearDown()[pri:0, instance:testCases.LoginTest@73017a80]" started-at="2021-12-05T09:26:10 BRT" name="tearDown" finished-at="2021-12-05T09:26:11 BRT" duration-ms="1284" status="PASS">
          <reporter-output>
          </reporter-output>
        </test-method> <!-- tearDown -->
      </class> <!-- testCases.LoginTest -->
    </test> <!-- Login Test -->
  </suite> <!-- Page Object Model -->
</testng-results>
